[2019-03-07 10:57:40] Command line: ../ChromTime.py -i input_order -o t_cell_development.H3K4ME2 -p t_cell_development.H3K4ME2 -t 4 -g mm9 -b 500 --min-gap 1500 --merge-peaks --min-dynamic-prior 0
[2019-03-07 10:57:40] Options:
 {'aligned_fnames': None,
 'bin_size': 500,
 'broad': False,
 'control_fnames': None,
 'data_fname': None,
 'fdr_for_decoding': 0.05,
 'genome': 'mm9',
 'keep_fixed_priors': False,
 'merge_peaks': True,
 'min_dynamic_prior': 0.0,
 'min_expected_reads': 1,
 'min_gap': 1500,
 'mode': None,
 'model_fname': None,
 'n_threads': 4,
 'n_training_examples': 10000,
 'order_fname': 'input_order',
 'out_dir': 't_cell_development.H3K4ME2',
 'output_empty_blocks': False,
 'output_signal_files': False,
 'p_value_extend': 0.15,
 'prefix': 't_cell_development.H3K4ME2',
 'q_value_seed': 0.05,
 'shift': 100,
 'skip_training': False,
 'use_broad_window_for_background': False}
[2019-03-07 10:57:40] Estimating initial block boundaries
[2019-03-07 10:57:40] Reading reads from: data/FLDN1_H3K4me2.merged.chr19.bed.gz
[2019-03-07 10:57:43] Total reads used for peak calling: 988074
[2019-03-07 10:57:43] WARNING: Skipped reads outside of chromosome boundaries: 158
[2019-03-07 10:57:43] Reading reads from: data/FLDN1_Input_rep1.chr19.bed.gz
[2019-03-07 10:57:44] Total reads used for peak calling: 212798
[2019-03-07 10:57:44] Calling significant bins
[2019-03-07 10:58:04] Computing p-value threshold at FDR of 0.05
[2019-03-07 10:58:07] p-value threshold: 4.83891600895432e-05
[2019-03-07 10:58:09] Reading reads from: data/FLDN2a_H3K4me2.merged.chr19.bed.gz
[2019-03-07 10:58:10] Total reads used for peak calling: 417397
[2019-03-07 10:58:10] WARNING: Skipped reads outside of chromosome boundaries: 80
[2019-03-07 10:58:10] Reading reads from: data/FLDN2a_Input_rep1.chr19.bed.gz
[2019-03-07 10:58:11] Total reads used for peak calling: 263114
[2019-03-07 10:58:11] WARNING: Skipped reads outside of chromosome boundaries: 4
[2019-03-07 10:58:11] Calling significant bins
[2019-03-07 10:58:31] Computing p-value threshold at FDR of 0.05
[2019-03-07 10:58:34] p-value threshold: 3.82405908382196e-05
[2019-03-07 10:58:35] Reading reads from: data/FLDN2b_H3K4me2.merged.chr19.bed.gz
[2019-03-07 10:58:39] Total reads used for peak calling: 946183
[2019-03-07 10:58:39] WARNING: Skipped reads outside of chromosome boundaries: 98
[2019-03-07 10:58:39] Reading reads from: data/FLDN2b_Input_rep1.chr19.bed.gz
[2019-03-07 10:58:40] Total reads used for peak calling: 359738
[2019-03-07 10:58:40] WARNING: Skipped reads outside of chromosome boundaries: 5
[2019-03-07 10:58:40] Calling significant bins
[2019-03-07 10:58:59] Computing p-value threshold at FDR of 0.05
[2019-03-07 10:59:02] p-value threshold: 3.52408255113204e-05
[2019-03-07 10:59:04] Reading reads from: data/ThyDN3_H3K4me2.merged.chr19.bed.gz
[2019-03-07 10:59:07] Total reads used for peak calling: 857072
[2019-03-07 10:59:07] WARNING: Skipped reads outside of chromosome boundaries: 72
[2019-03-07 10:59:07] Reading reads from: data/ThyDN3_Input_rep1.chr19.bed.gz
[2019-03-07 10:59:08] Total reads used for peak calling: 287391
[2019-03-07 10:59:08] Calling significant bins
[2019-03-07 10:59:28] Computing p-value threshold at FDR of 0.05
[2019-03-07 10:59:31] p-value threshold: 3.0226260281118807e-05
[2019-03-07 10:59:33] Reading reads from: data/ThyDP_H3K4me2.merged.chr19.bed.gz
[2019-03-07 10:59:36] Total reads used for peak calling: 923557
[2019-03-07 10:59:36] WARNING: Skipped reads outside of chromosome boundaries: 87
[2019-03-07 10:59:36] Reading reads from: data/ThyDP_Input_rep1.chr19.bed.gz
[2019-03-07 10:59:37] Total reads used for peak calling: 327491
[2019-03-07 10:59:37] WARNING: Skipped reads outside of chromosome boundaries: 2
[2019-03-07 10:59:37] Calling significant bins
[2019-03-07 10:59:56] Computing p-value threshold at FDR of 0.05
[2019-03-07 10:59:59] p-value threshold: 2.9847669857864548e-05
[2019-03-07 11:00:02] Storing blocks in: t_cell_development.H3K4ME2/t_cell_development.H3K4ME2.data.pickle
[2019-03-07 11:00:03] Calling boundary dynamics
[2019-03-07 11:00:03] Total blocks: 1451
[2019-03-07 11:00:03] Max block length: 66
[2019-03-07 11:00:03] Blocks longer than 30 bins: 49
[2019-03-07 11:00:03] Sub-peak blocks : 0
[2019-03-07 11:00:03] n_timepoints: 5
[2019-03-07 11:00:03] n_covariates: 2
[2019-03-07 11:00:03] n_training_examples: 1451
[2019-03-07 11:00:03] Model is created
[2019-03-07 11:00:03] 
Foreground:
Deltas
1.0000000000	1.0000000000	1.0000000000	1.0000000000	1.0000000000
Betas
1.0000000000	1.0000000000	1.0000000000	1.0000000000	1.0000000000
1.0000000000	1.0000000000	1.0000000000	1.0000000000	1.0000000000

Background:
Deltas
1.0000000000	1.0000000000	1.0000000000	1.0000000000	1.0000000000
Betas
1.0000000000	1.0000000000	1.0000000000	1.0000000000	1.0000000000
1.0000000000	1.0000000000	1.0000000000	1.0000000000	1.0000000000
Dynamic:S
Params:	0.0000000000, 0.0000000000	0.0000000000, 0.0000000000	0.0000000000, 0.0000000000	0.0000000000, 0.0000000000
Priors:	0.3333333333	0.3333333333	0.3333333333	0.3333333333
Dynamic:E
Params:	1.0000000000, 0.0000000000	1.0000000000, 0.0000000000	1.0000000000, 0.0000000000	1.0000000000, 0.0000000000
Priors:	0.3333333333	0.3333333333	0.3333333333	0.3333333333
Dynamic:C
Params:	1.0000000000, 0.0000000000	1.0000000000, 0.0000000000	1.0000000000, 0.0000000000	1.0000000000, 0.0000000000
Priors:	0.3333333333	0.3333333333	0.3333333333	0.3333333333
FDR for decoding:	None	None	None	None	None

[2019-03-07 11:00:03] EM iteration: 1
[2019-03-07 11:00:03] Total training examples= 1451 batches: 4 per_batch= 363
[2019-03-07 11:00:13] Current total log likelihood: -456913.281414
[2019-03-07 11:00:15] time point: 0 	mean peak %: 0.366432003888 	 mean bgr %: 0.633567996112
[2019-03-07 11:00:15] time point: 1 	mean peak %: 0.368938917458 	 mean bgr %: 0.631061082542
[2019-03-07 11:00:15] time point: 2 	mean peak %: 0.369618857245 	 mean bgr %: 0.630381142755
[2019-03-07 11:00:15] time point: 3 	mean peak %: 0.368938917458 	 mean bgr %: 0.631061082542
[2019-03-07 11:00:15] time point: 4 	mean peak %: 0.366432003888 	 mean bgr %: 0.633567996112
[2019-03-07 11:00:15] New model parameters
[2019-03-07 11:00:15] 
Foreground:
Deltas
0.6461933747	0.5198974398	0.9784777706	0.9405602938	0.6079027232
Betas
1.0694099091	1.5327493224	1.4811889194	1.7817919293	2.4009484696
0.9711972828	0.1499524424	-0.5076476632	-1.3312921407	-2.6629032586

Background:
Deltas
0.6461933747	0.5198974398	0.9784777706	0.9405602938	0.6079027232
Betas
1.0694099091	1.5327493224	1.4811889194	1.7817919293	2.4009484696
0.3592979394	-0.4947573435	-1.0221224421	-1.8258607496	-3.2412181335
Dynamic:S
Params:	0.0000000000, 0.0000000000	0.0000000000, 0.0000000000	0.0000000000, 0.0000000000	0.0000000000, 0.0000000000
Priors:	0.3745494289	0.3750932150	0.3750932150	0.3745494289
Dynamic:E
Params:	1.1488749323, -0.2669208217	1.1674874454, -0.3008688979	1.1801078891, -0.3143910913	1.1773894050, -0.3129604363
Priors:	0.3142513352	0.3128200254	0.3120867595	0.3111992359
Dynamic:C
Params:	1.1773894050, -0.3129604363	1.1801078891, -0.3143910913	1.1674874454, -0.3008688979	1.1488749323, -0.2669208217
Priors:	0.3111992359	0.3120867595	0.3128200254	0.3142513352
FDR for decoding:	None	None	None	None	None

[2019-03-07 11:00:15] EM delta: 0.9453529086229001
[2019-03-07 11:00:15] EM iteration: 2
[2019-03-07 11:00:15] Total training examples= 1451 batches: 4 per_batch= 363
[2019-03-07 11:00:26] Current total log likelihood: -424636.603714
[2019-03-07 11:00:26] EM Iteration: 2	Delta Log Likelihood: 32276.6777001
[2019-03-07 11:00:29] time point: 0 	mean peak %: 0.279045379604 	 mean bgr %: 0.720954620396
[2019-03-07 11:00:29] time point: 1 	mean peak %: 0.275003535994 	 mean bgr %: 0.724996464006
[2019-03-07 11:00:29] time point: 2 	mean peak %: 0.270787136585 	 mean bgr %: 0.729212863415
[2019-03-07 11:00:29] time point: 3 	mean peak %: 0.271613482814 	 mean bgr %: 0.728386517186
[2019-03-07 11:00:29] time point: 4 	mean peak %: 0.274822977713 	 mean bgr %: 0.725177022287
[2019-03-07 11:00:29] New model parameters
[2019-03-07 11:00:29] 
Foreground:
Deltas
1.0300960112	0.8741168156	1.7125437086	1.5660196255	0.9870641481
Betas
1.0105115096	1.2280143556	1.2318155919	1.4508540948	1.9845957271
1.6428590543	1.2513842580	0.6412431010	0.0185790289	-1.0377361119

Background:
Deltas
1.0300960112	0.8741168156	1.7125437086	1.5660196255	0.9870641481
Betas
1.0105115096	1.2280143556	1.2318155919	1.4508540948	1.9845957271
-0.1913675086	-0.7580567187	-0.9240134487	-1.5411404915	-2.9623498961
Dynamic:S
Params:	0.0000000000, 0.0000000000	0.0000000000, 0.0000000000	0.0000000000, 0.0000000000	0.0000000000, 0.0000000000
Priors:	0.4414788748	0.4491181280	0.4472087458	0.4350329019
Dynamic:E
Params:	1.4213593695, -0.7653031361	1.4395033012, -0.8284341021	1.4751005516, -0.7866331719	1.4559642368, -0.6725496968
Priors:	0.2711006541	0.2653170505	0.2744945245	0.2865215593
Dynamic:C
Params:	1.4464652706, -0.7041286988	1.4823744768, -0.7785824011	1.4012653901, -0.7800794831	1.3747939825, -0.7007455596
Priors:	0.2874204711	0.2855648214	0.2782967297	0.2784455389
FDR for decoding:	None	None	None	None	None

[2019-03-07 11:00:29] EM delta: 2.2476833231996824
[2019-03-07 11:00:29] EM iteration: 3
[2019-03-07 11:00:29] Total training examples= 1451 batches: 4 per_batch= 363
[2019-03-07 11:00:40] Current total log likelihood: -395440.805496
[2019-03-07 11:00:40] EM Iteration: 3	Delta Log Likelihood: 29195.7982184
[2019-03-07 11:00:43] time point: 0 	mean peak %: 0.2363970306 	 mean bgr %: 0.7636029694
[2019-03-07 11:00:43] time point: 1 	mean peak %: 0.230670728644 	 mean bgr %: 0.769329271356
[2019-03-07 11:00:43] time point: 2 	mean peak %: 0.214548991058 	 mean bgr %: 0.785451008942
[2019-03-07 11:00:43] time point: 3 	mean peak %: 0.205048480741 	 mean bgr %: 0.794951519259
[2019-03-07 11:00:44] time point: 4 	mean peak %: 0.201855029285 	 mean bgr %: 0.798144970715
[2019-03-07 11:00:44] New model parameters
[2019-03-07 11:00:44] 
Foreground:
Deltas
1.5430447368	1.3450341545	2.5621327971	2.3312643856	1.5258869856
Betas
0.9250604630	1.0286305731	1.0892836571	1.2652450406	1.6528069210
2.0282984558	1.7825069897	1.1995176230	0.7247981005	0.0874619090

Background:
Deltas
1.5430447368	1.3450341545	2.5621327971	2.3312643856	1.5258869856
Betas
0.9250604630	1.0286305731	1.0892836571	1.2652450406	1.6528069210
-0.2015635724	-0.6413886796	-0.6609271741	-1.1802875575	-2.3147876970
Dynamic:S
Params:	0.0000000000, 0.0000000000	0.0000000000, 0.0000000000	0.0000000000, 0.0000000000	0.0000000000, 0.0000000000
Priors:	0.6205600839	0.6210287715	0.6151938346	0.5840127816
Dynamic:E
Params:	0.8681644210, -1.6203777697	0.3312747804, -1.4641067248	0.3755345119, -1.3544451483	0.4378722188, -1.1056795779
Priors:	0.1737262238	0.1461525423	0.1629546139	0.1973544963
Dynamic:C
Params:	0.5976480602, -1.4633129500	0.2208707592, -1.0021628444	0.3018409833, -1.0243081122	0.5962149728, -1.0719159906
Priors:	0.2057136923	0.2328186862	0.2218515515	0.2186327220
FDR for decoding:	None	None	None	None	None

[2019-03-07 11:00:44] EM delta: 10.375561825748116
[2019-03-07 11:00:44] EM iteration: 4
[2019-03-07 11:00:44] Total training examples= 1451 batches: 4 per_batch= 363
[2019-03-07 11:00:55] Current total log likelihood: -386650.114787
[2019-03-07 11:00:55] EM Iteration: 4	Delta Log Likelihood: 8790.69070837
[2019-03-07 11:00:58] time point: 0 	mean peak %: 0.238087211252 	 mean bgr %: 0.761912788748
[2019-03-07 11:00:58] time point: 1 	mean peak %: 0.23136361856 	 mean bgr %: 0.76863638144
[2019-03-07 11:00:58] time point: 2 	mean peak %: 0.204181775659 	 mean bgr %: 0.795818224341
[2019-03-07 11:00:58] time point: 3 	mean peak %: 0.186747016346 	 mean bgr %: 0.813252983654
[2019-03-07 11:00:58] time point: 4 	mean peak %: 0.180782002237 	 mean bgr %: 0.819217997763
[2019-03-07 11:00:58] New model parameters
[2019-03-07 11:00:58] 
Foreground:
Deltas
1.7404423495	1.5141669757	2.7866212877	2.5759187286	1.7772741510
Betas
0.8381906682	0.8988331851	1.0089806574	1.1797759491	1.5031706692
2.2530892197	2.0237399810	1.4439572095	1.0157108814	0.5688750918

Background:
Deltas
1.7404423495	1.5141669757	2.7866212877	2.5759187286	1.7772741510
Betas
0.8381906682	0.8988331851	1.0089806574	1.1797759491	1.5031706692
-0.0533648276	-0.4894222071	-0.4688988031	-0.9691091682	-1.9609624405
Dynamic:S
Params:	0.0000000000, 0.0000000000	0.0000000000, 0.0000000000	0.0000000000, 0.0000000000	0.0000000000, 0.0000000000
Priors:	0.7862745625	0.7371490048	0.7410961820	0.7257954516
Dynamic:E
Params:	0.2344314795, -2.2544016589	0.0949841826, -1.2260245494	0.1150123758, -1.1270821460	0.1451239714, -0.7755099726
Priors:	0.0864713300	0.0627766442	0.0827448613	0.1172765136
Dynamic:C
Params:	0.1050826932, -1.8425066444	0.0988025941, -0.5192006993	0.1069352133, -0.4840904424	0.1816185410, -0.8343581927
Priors:	0.1272541074	0.2000743510	0.1761589567	0.1569280348
FDR for decoding:	None	None	None	None	None

[2019-03-07 11:00:58] EM delta: 2.423108192603632
[2019-03-07 11:00:58] EM iteration: 5
[2019-03-07 11:00:58] Total training examples= 1451 batches: 4 per_batch= 363
[2019-03-07 11:01:10] Current total log likelihood: -384844.14402
[2019-03-07 11:01:10] EM Iteration: 5	Delta Log Likelihood: 1805.97076677
[2019-03-07 11:01:12] time point: 0 	mean peak %: 0.241625402919 	 mean bgr %: 0.758374597081
[2019-03-07 11:01:12] time point: 1 	mean peak %: 0.234326256855 	 mean bgr %: 0.765673743145
[2019-03-07 11:01:12] time point: 2 	mean peak %: 0.20172083644 	 mean bgr %: 0.79827916356
[2019-03-07 11:01:12] time point: 3 	mean peak %: 0.181312099446 	 mean bgr %: 0.818687900554
[2019-03-07 11:01:12] time point: 4 	mean peak %: 0.174639296768 	 mean bgr %: 0.825360703232
[2019-03-07 11:01:12] New model parameters
[2019-03-07 11:01:12] 
Foreground:
Deltas
1.7923245685	1.5398120740	2.8059900199	2.6088577091	1.8306172488
Betas
0.7935082014	0.8569962675	0.9756866042	1.1471207134	1.4488043005
2.3625784477	2.0973694359	1.5383727559	1.1192856115	0.7370276423

Background:
Deltas
1.7923245685	1.5398120740	2.8059900199	2.6088577091	1.8306172488
Betas
0.7935082014	0.8569962675	0.9756866042	1.1471207134	1.4488043005
0.0381316625	-0.4323707818	-0.3835496302	-0.8832168649	-1.8225037216
Dynamic:S
Params:	0.0000000000, 0.0000000000	0.0000000000, 0.0000000000	0.0000000000, 0.0000000000	0.0000000000, 0.0000000000
Priors:	0.8785729829	0.7770988900	0.7982028850	0.8115945187
Dynamic:E
Params:	0.0582222207, -2.2545964643	0.0764504531, 0.1973355736	0.1128285549, -0.5455357392	0.1570148536, -0.2103570069
Priors:	0.0400060267	0.0303471610	0.0476493864	0.0708845330
Dynamic:C
Params:	0.0432164420, -1.2056900631	0.0998022768, -0.2806470442	0.0941419900, -0.2397262299	0.1386215437, -0.4875089155
Priors:	0.0814209904	0.1925539491	0.1541477286	0.1175209483
FDR for decoding:	None	None	None	None	None

[2019-03-07 11:01:12] EM delta: 3.3633898743877104
[2019-03-07 11:01:12] EM iteration: 6
[2019-03-07 11:01:12] Total training examples= 1451 batches: 4 per_batch= 363
[2019-03-07 11:01:23] Current total log likelihood: -384397.279002
[2019-03-07 11:01:23] EM Iteration: 6	Delta Log Likelihood: 446.865018882
[2019-03-07 11:01:24] time point: 0 	mean peak %: 0.242725827907 	 mean bgr %: 0.757274172093
[2019-03-07 11:01:25] time point: 1 	mean peak %: 0.236102058696 	 mean bgr %: 0.763897941304
[2019-03-07 11:01:25] time point: 2 	mean peak %: 0.200216762268 	 mean bgr %: 0.799783237732
[2019-03-07 11:01:25] time point: 3 	mean peak %: 0.179254226252 	 mean bgr %: 0.820745773748
[2019-03-07 11:01:25] time point: 4 	mean peak %: 0.173047001904 	 mean bgr %: 0.826952998096
[2019-03-07 11:01:25] New model parameters
[2019-03-07 11:01:25] 
Foreground:
Deltas
1.7985544490	1.5403565617	2.8006774717	2.6072614406	1.8323317433
Betas
0.7737106348	0.8344970539	0.9607322037	1.1337052273	1.4319442151
2.4101680539	2.1341770741	1.5815328401	1.1603677705	0.7873111321

Background:
Deltas
1.7985544490	1.5403565617	2.8006774717	2.6072614406	1.8323317433
Betas
0.7737106348	0.8344970539	0.9607322037	1.1337052273	1.4319442151
0.0829942891	-0.4002284769	-0.3428745221	-0.8467875470	-1.7771671898
Dynamic:S
Params:	0.0000000000, 0.0000000000	0.0000000000, 0.0000000000	0.0000000000, 0.0000000000	0.0000000000, 0.0000000000
Priors:	0.9257264964	0.7887436137	0.8226129068	0.8582417030
Dynamic:E
Params:	0.0283400326, -0.8942753884	0.1275594085, 0.6226732822	0.1791146607, -0.1701091476	0.2610509227, 0.1977646962
Priors:	0.0193687807	0.0180227301	0.0340073368	0.0480533524
Dynamic:C
Params:	0.0469081159, -0.5942569704	0.1147605763, -0.2183062601	0.1017954889, -0.1519760204	0.1519417954, -0.2585064722
Priors:	0.0549047229	0.1932336562	0.1433797564	0.0937049446
FDR for decoding:	None	None	None	None	None

[2019-03-07 11:01:25] EM delta: 2.7959688706758175
[2019-03-07 11:01:25] EM iteration: 7
[2019-03-07 11:01:25] Total training examples= 1451 batches: 4 per_batch= 363
[2019-03-07 11:01:35] Current total log likelihood: -384240.324385
[2019-03-07 11:01:35] EM Iteration: 7	Delta Log Likelihood: 156.954616836
[2019-03-07 11:01:37] time point: 0 	mean peak %: 0.242843190496 	 mean bgr %: 0.757156809504
[2019-03-07 11:01:37] time point: 1 	mean peak %: 0.237279236676 	 mean bgr %: 0.762720763324
[2019-03-07 11:01:37] time point: 2 	mean peak %: 0.199207100157 	 mean bgr %: 0.800792899843
[2019-03-07 11:01:37] time point: 3 	mean peak %: 0.178296023995 	 mean bgr %: 0.821703976005
[2019-03-07 11:01:37] time point: 4 	mean peak %: 0.172899293828 	 mean bgr %: 0.827100706172
[2019-03-07 11:01:37] New model parameters
[2019-03-07 11:01:37] 
Foreground:
Deltas
1.7970778946	1.5382364523	2.7968211884	2.6046041971	1.8270668851
Betas
0.7636323719	0.8246754154	0.9538397608	1.1273622194	1.4257531169
2.4355860652	2.1491409661	1.6022252128	1.1797257677	0.8039361548

Background:
Deltas
1.7970778946	1.5382364523	2.7968211884	2.6046041971	1.8270668851
Betas
0.7636323719	0.8246754154	0.9538397608	1.1273622194	1.4257531169
0.1084278207	-0.3867072561	-0.3233687333	-0.8293494630	-1.7604248769
Dynamic:S
Params:	0.0000000000, 0.0000000000	0.0000000000, 0.0000000000	0.0000000000, 0.0000000000	0.0000000000, 0.0000000000
Priors:	0.9518724939	0.7904402267	0.8345375884	0.8848399667
Dynamic:E
Params:	0.0408719488, -0.1600750241	0.2143549936, 0.9573354629	0.2841719501, 0.0761809154	0.4537489790, 0.4940676128
Priors:	0.0099093596	0.0129543242	0.0282447694	0.0365990504
Dynamic:C
Params:	0.0636019402, -0.2441601218	0.1299635481, -0.1800798723	0.1123320186, -0.0952981175	0.1834907259, -0.0866702675
Priors:	0.0382181465	0.1966054492	0.1372176423	0.0785609829
FDR for decoding:	None	None	None	None	None

[2019-03-07 11:01:37] EM delta: 1.0137485548633016
[2019-03-07 11:01:37] EM iteration: 8
[2019-03-07 11:01:37] Total training examples= 1451 batches: 4 per_batch= 363
[2019-03-07 11:01:47] Current total log likelihood: -384169.372813
[2019-03-07 11:01:47] EM Iteration: 8	Delta Log Likelihood: 70.951571534
[2019-03-07 11:01:49] time point: 0 	mean peak %: 0.242702174095 	 mean bgr %: 0.757297825905
[2019-03-07 11:01:49] time point: 1 	mean peak %: 0.238061527982 	 mean bgr %: 0.761938472018
[2019-03-07 11:01:49] time point: 2 	mean peak %: 0.198494122699 	 mean bgr %: 0.801505877301
[2019-03-07 11:01:49] time point: 3 	mean peak %: 0.177793849588 	 mean bgr %: 0.822206150412
[2019-03-07 11:01:49] time point: 4 	mean peak %: 0.17314820518 	 mean bgr %: 0.82685179482
[2019-03-07 11:01:49] New model parameters
[2019-03-07 11:01:49] 
Foreground:
Deltas
1.7946015463	1.5366609032	2.7950492278	2.6030056544	1.8222747822
Betas
0.7588235032	0.8201094504	0.9505975921	1.1240156365	1.4228756720
2.4480766283	2.1554878908	1.6125951210	1.1899469774	0.8104517512

Background:
Deltas
1.7946015463	1.5366609032	2.7950492278	2.6030056544	1.8222747822
Betas
0.7588235032	0.8201094504	0.9505975921	1.1240156365	1.4228756720
0.1214764634	-0.3809506183	-0.3137318990	-0.8201164619	-1.7529485416
Dynamic:S
Params:	0.0000000000, 0.0000000000	0.0000000000, 0.0000000000	0.0000000000, 0.0000000000	0.0000000000, 0.0000000000
Priors:	0.9672483948	0.7894811631	0.8414162982	0.9012098286
Dynamic:E
Params:	0.0701851418, 0.4047901947	0.3179277304, 1.1743050068	0.3966435709, 0.2232305313	0.7414922738, 0.7022496556
Priors:	0.0053881734	0.0105534426	0.0255041455	0.0304276519
Dynamic:C
Params:	0.0899077469, 0.0577918688	0.1420996233, -0.1597028331	0.1217505993, -0.0561162994	0.2247026807, 0.0548505682
Priors:	0.0273634318	0.1999653942	0.1330795564	0.0683625195
FDR for decoding:	None	None	None	None	None

[2019-03-07 11:01:49] EM delta: 0.6539244999877699
[2019-03-07 11:01:49] EM iteration: 9
[2019-03-07 11:01:49] Total training examples= 1451 batches: 4 per_batch= 363
[2019-03-07 11:02:00] Current total log likelihood: -384132.53335
[2019-03-07 11:02:00] EM Iteration: 9	Delta Log Likelihood: 36.8394627384
[2019-03-07 11:02:02] time point: 0 	mean peak %: 0.242522971072 	 mean bgr %: 0.757477028928
[2019-03-07 11:02:02] time point: 1 	mean peak %: 0.238607523974 	 mean bgr %: 0.761392476026
[2019-03-07 11:02:02] time point: 2 	mean peak %: 0.197990889245 	 mean bgr %: 0.802009110755
[2019-03-07 11:02:02] time point: 3 	mean peak %: 0.177506663299 	 mean bgr %: 0.822493336701
[2019-03-07 11:02:02] time point: 4 	mean peak %: 0.173464303041 	 mean bgr %: 0.826535696959
[2019-03-07 11:02:02] New model parameters
[2019-03-07 11:02:02] 
Foreground:
Deltas
1.7927415163	1.5355620279	2.7941906487	2.6019022665	1.8184554340
Betas
0.7563037658	0.8180074748	0.9489597988	1.1220945429	1.4212845557
2.4548633447	2.1579334979	1.6182034674	1.1957997891	0.8133930128

Background:
Deltas
1.7927415163	1.5355620279	2.7941906487	2.6019022665	1.8184554340
Betas
0.7563037658	0.8180074748	0.9489597988	1.1220945429	1.4212845557
0.1287314265	-0.3787407672	-0.3085971199	-0.8147986216	-1.7490051091
Dynamic:S
Params:	0.0000000000, 0.0000000000	0.0000000000, 0.0000000000	0.0000000000, 0.0000000000	0.0000000000, 0.0000000000
Priors:	0.9766432399	0.7879073081	0.8457819049	0.9119810937
Dynamic:E
Params:	0.1285566007, 0.9156770980	0.4127688236, 1.3108141175	0.4895873338, 0.3074486975	1.1129630608, 0.8458498840
Priors:	0.0031733176	0.0092847627	0.0240953452	0.0268438323
Dynamic:C
Params:	0.1288701149, 0.3409873045	0.1508151849, -0.1495664502	0.1292871722, -0.0279845018	0.2716473463, 0.1726699632
Priors:	0.0201834425	0.2028079292	0.1301227500	0.0611750740
FDR for decoding:	None	None	None	None	None

[2019-03-07 11:02:02] EM delta: 0.5652148768416914
[2019-03-07 11:02:02] EM iteration: 10
[2019-03-07 11:02:02] Total training examples= 1451 batches: 4 per_batch= 363
[2019-03-07 11:02:13] Current total log likelihood: -384112.266645
[2019-03-07 11:02:13] EM Iteration: 10	Delta Log Likelihood: 20.2667055574
[2019-03-07 11:02:15] time point: 0 	mean peak %: 0.242373561523 	 mean bgr %: 0.757626438477
[2019-03-07 11:02:15] time point: 1 	mean peak %: 0.238994903833 	 mean bgr %: 0.761005096167
[2019-03-07 11:02:15] time point: 2 	mean peak %: 0.197626577658 	 mean bgr %: 0.802373422342
[2019-03-07 11:02:15] time point: 3 	mean peak %: 0.177328643707 	 mean bgr %: 0.822671356293
[2019-03-07 11:02:15] time point: 4 	mean peak %: 0.173752402361 	 mean bgr %: 0.826247597639
[2019-03-07 11:02:15] New model parameters
[2019-03-07 11:02:15] 
Foreground:
Deltas
1.7914888658	1.5348063816	2.7937468468	2.6010825928	1.8153946161
Betas
0.7548408269	0.8170538700	0.9480469983	1.1209187238	1.4202812511
2.4589120542	2.1586916322	1.6215404938	1.1993731561	0.8149214682

Background:
Deltas
1.7914888658	1.5348063816	2.7937468468	2.6010825928	1.8153946161
Betas
0.7548408269	0.8170538700	0.9480469983	1.1209187238	1.4202812511
0.1331058660	-0.3780692174	-0.3055856388	-0.8115286447	-1.7465917138
Dynamic:S
Params:	0.0000000000, 0.0000000000	0.0000000000, 0.0000000000	0.0000000000, 0.0000000000	0.0000000000, 0.0000000000
Priors:	0.9825594626	0.7863193987	0.8486556538	0.9194612602
Dynamic:E
Params:	0.2422257850, 1.3423864268	0.4839928559, 1.3955048902	0.5543814217, 0.3542782153	1.5343298418, 0.9444963532
Priors:	0.0020714242	0.0085627897	0.0233672921	0.0246273249
Dynamic:C
Params:	0.1864541200, 0.6042892464	0.1566693094, -0.1453867730	0.1350727152, -0.0075000771	0.3215051978, 0.2705413820
Priors:	0.0153691132	0.2051178116	0.1279770541	0.0559114149
FDR for decoding:	None	None	None	None	None

[2019-03-07 11:02:15] EM delta: 0.48613256690331924
[2019-03-07 11:02:15] EM iteration: 11
[2019-03-07 11:02:15] Total training examples= 1451 batches: 4 per_batch= 363
[2019-03-07 11:02:25] Current total log likelihood: -384100.491344
[2019-03-07 11:02:25] EM Iteration: 11	Delta Log Likelihood: 11.7753012682
[2019-03-07 11:02:27] time point: 0 	mean peak %: 0.24226380176 	 mean bgr %: 0.75773619824
[2019-03-07 11:02:27] time point: 1 	mean peak %: 0.239267361685 	 mean bgr %: 0.760732638315
[2019-03-07 11:02:27] time point: 2 	mean peak %: 0.197355426286 	 mean bgr %: 0.802644573714
[2019-03-07 11:02:28] time point: 3 	mean peak %: 0.177209288006 	 mean bgr %: 0.822790711994
[2019-03-07 11:02:28] time point: 4 	mean peak %: 0.173994074124 	 mean bgr %: 0.826005925876
[2019-03-07 11:02:28] New model parameters
[2019-03-07 11:02:28] 
Foreground:
Deltas
1.7907052431	1.5343206366	2.7935287856	2.6004802999	1.8129262486
Betas
0.7538946381	0.8166637550	0.9474909148	1.1201539942	1.4195897357
2.4615669641	2.1587222062	1.6236951713	1.2016975250	0.8158188532

Background:
Deltas
1.7907052431	1.5343206366	2.7935287856	2.6004802999	1.8129262486
Betas
0.7538946381	0.8166637550	0.9474909148	1.1201539942	1.4195897357
0.1359627166	-0.3780686087	-0.3036696109	-0.8093917791	-1.7449506990
Dynamic:S
Params:	0.0000000000, 0.0000000000	0.0000000000, 0.0000000000	0.0000000000, 0.0000000000	0.0000000000, 0.0000000000
Priors:	0.9863750325	0.7848824955	0.8505559771	0.9248773716
Dynamic:E
Params:	0.4582695877, 1.6646160728	0.5307584170, 1.4473890087	0.5947787893, 0.3793641493	1.9591446692, 1.0122156606
Priors:	0.0015198466	0.0081345354	0.0230162024	0.0231931626
Dynamic:C
Params:	0.2727056178, 0.8442187410	0.1603922034, -0.1448073121	0.1394404977, 0.0074656626	0.3720547472, 0.3518287233
Priors:	0.0121051208	0.2069829692	0.1264278206	0.0519294658
FDR for decoding:	None	None	None	None	None

[2019-03-07 11:02:28] EM delta: 0.4171262611330622
[2019-03-07 11:02:28] EM iteration: 12
[2019-03-07 11:02:28] Total training examples= 1451 batches: 4 per_batch= 363
[2019-03-07 11:02:38] Current total log likelihood: -384093.215491
[2019-03-07 11:02:38] EM Iteration: 12	Delta Log Likelihood: 7.27585297043
[2019-03-07 11:02:40] time point: 0 	mean peak %: 0.242189801659 	 mean bgr %: 0.757810198341
[2019-03-07 11:02:40] time point: 1 	mean peak %: 0.239452705226 	 mean bgr %: 0.760547294774
[2019-03-07 11:02:40] time point: 2 	mean peak %: 0.197149903262 	 mean bgr %: 0.802850096738
[2019-03-07 11:02:40] time point: 3 	mean peak %: 0.17712171121 	 mean bgr %: 0.82287828879
[2019-03-07 11:02:40] time point: 4 	mean peak %: 0.174193202042 	 mean bgr %: 0.825806797958
[2019-03-07 11:02:40] New model parameters
[2019-03-07 11:02:40] 
Foreground:
Deltas
1.7902606594	1.5340469150	2.7934422486	2.6000509112	1.8109396663
Betas
0.7532126170	0.8165785915	0.9471306806	1.1196239248	1.4190946061
2.4634751221	2.1584281302	1.6251631702	1.2033179389	0.8163686428

Background:
Deltas
1.7902606594	1.5340469150	2.7934422486	2.6000509112	1.8109396663
Betas
0.7532126170	0.8165785915	0.9471306806	1.1196239248	1.4190946061
0.1379783304	-0.3783720439	-0.3023834752	-0.8079028900	-1.7437874059
Dynamic:S
Params:	0.0000000000, 0.0000000000	0.0000000000, 0.0000000000	0.0000000000, 0.0000000000	0.0000000000, 0.0000000000
Priors:	0.9888849275	0.7836319145	0.8518002652	0.9289250989
Dynamic:E
Params:	0.8420819505, 1.8858388662	0.5591786103, 1.4786885596	0.6179988643, 0.3920148380	2.3460439852, 1.0586737261
Priors:	0.0012419463	0.0078775933	0.0228738710	0.0222392153
Dynamic:C
Params:	0.4051400665, 1.0582275595	0.1626220565, -0.1465013544	0.1427171265, 0.0183739753	0.4216060648, 0.4195028265
Priors:	0.0098731262	0.2084904922	0.1253258638	0.0488356858
FDR for decoding:	None	None	None	None	None

[2019-03-07 11:02:40] EM delta: 0.4210988122807293
[2019-03-07 11:02:40] EM iteration: 13
[2019-03-07 11:02:40] Total training examples= 1451 batches: 4 per_batch= 363
[2019-03-07 11:02:50] Current total log likelihood: -384088.420251
[2019-03-07 11:02:50] EM Iteration: 13	Delta Log Likelihood: 4.79523960513
[2019-03-07 11:02:52] time point: 0 	mean peak %: 0.242148069368 	 mean bgr %: 0.757851930632
[2019-03-07 11:02:52] time point: 1 	mean peak %: 0.239569600199 	 mean bgr %: 0.760430399801
[2019-03-07 11:02:52] time point: 2 	mean peak %: 0.196992648989 	 mean bgr %: 0.803007351011
[2019-03-07 11:02:52] time point: 3 	mean peak %: 0.177051067417 	 mean bgr %: 0.822948932583
[2019-03-07 11:02:53] time point: 4 	mean peak %: 0.174357880436 	 mean bgr %: 0.825642119564
[2019-03-07 11:02:53] New model parameters
[2019-03-07 11:02:53] 
Foreground:
Deltas
1.7900321891	1.5339307696	2.7934257775	2.5997529447	1.8093466221
Betas
0.7526699230	0.8166690753	0.9468867480	1.1192326659	1.4187386729
2.4649539868	2.1580002243	1.6261997506	1.2045301101	0.8166876900

Background:
Deltas
1.7900321891	1.5339307696	2.7934257775	2.5997529447	1.8093466221
Betas
0.7526699230	0.8166690753	0.9468867480	1.1192326659	1.4187386729
0.1395031984	-0.3787993017	-0.3014874994	-0.8067960782	-1.7429649210
Dynamic:S
Params:	0.0000000000, 0.0000000000	0.0000000000, 0.0000000000	0.0000000000, 0.0000000000	0.0000000000, 0.0000000000
Priors:	0.9905664729	0.7825613721	0.8525997387	0.9320246219
Dynamic:E
Params:	1.4202715065, 2.0292310803	0.5760561640, 1.4969653130	0.6303715487, 0.3977106649	2.6705620988, 1.0905308038
Priors:	0.0010950160	0.0077287039	0.0228410676	0.0215952637
Dynamic:C
Params:	0.6161313681, 1.2451996577	0.1638469703, -0.1496978240	0.1451696480, 0.0262596873	0.4689517021, 0.4760433361
Priors:	0.0083385110	0.2097099240	0.1245591937	0.0463801144
FDR for decoding:	None	None	None	None	None

[2019-03-07 11:02:53] EM delta: 0.5469900372470536
[2019-03-07 11:02:53] EM iteration: 14
[2019-03-07 11:02:53] Total training examples= 1451 batches: 4 per_batch= 363
[2019-03-07 11:03:03] Current total log likelihood: -384085.063229
[2019-03-07 11:03:03] EM Iteration: 14	Delta Log Likelihood: 3.35702223663
[2019-03-07 11:03:05] time point: 0 	mean peak %: 0.242136581268 	 mean bgr %: 0.757863418732
[2019-03-07 11:03:05] time point: 1 	mean peak %: 0.239632291936 	 mean bgr %: 0.760367708064
[2019-03-07 11:03:05] time point: 2 	mean peak %: 0.196871986116 	 mean bgr %: 0.803128013884
[2019-03-07 11:03:05] time point: 3 	mean peak %: 0.176989668927 	 mean bgr %: 0.823010331073
[2019-03-07 11:03:05] time point: 4 	mean peak %: 0.17449528295 	 mean bgr %: 0.82550471705
[2019-03-07 11:03:05] New model parameters
[2019-03-07 11:03:05] 
Foreground:
Deltas
1.7899138730	1.5339222413	2.7934386249	2.5995519968	1.8080699652
Betas
0.7521999197	0.8168545414	0.9467123464	1.1189281862	1.4184849500
2.4661662489	2.1575526383	1.6269600696	1.2054927622	0.8168439073

Background:
Deltas
1.7899138730	1.5339222413	2.7934386249	2.5995519968	1.8080699652
Betas
0.7521999197	0.8168545414	0.9467123464	1.1189281862	1.4184849500
0.1407304367	-0.3792378427	-0.3008364592	-0.8059264391	-1.7423951092
Dynamic:S
Params:	0.0000000000, 0.0000000000	0.0000000000, 0.0000000000	0.0000000000, 0.0000000000	0.0000000000, 0.0000000000
Priors:	0.9917131791	0.7816500461	0.8530989781	0.9344440841
Dynamic:E
Params:	2.0965791280, 2.1230877703	0.5863951086, 1.5068157633	0.6363250259, 0.3996311383	2.9259483863, 1.1123814681
Priors:	0.0010037416	0.0076527802	0.0228596300	0.0211574990
Dynamic:C
Params:	0.9684555309, 1.4051923877	0.1644200342, -0.1539276351	0.1470024047, 0.0318595538	0.5133036484, 0.5234562055
Priors:	0.0072830793	0.2106971737	0.1240413919	0.0443984170
FDR for decoding:	None	None	None	None	None

[2019-03-07 11:03:05] EM delta: 0.6861417435718256
[2019-03-07 11:03:05] EM iteration: 15
[2019-03-07 11:03:05] Total training examples= 1451 batches: 4 per_batch= 363
[2019-03-07 11:03:15] Current total log likelihood: -384082.559713
[2019-03-07 11:03:15] EM Iteration: 15	Delta Log Likelihood: 2.50351597276
[2019-03-07 11:03:17] time point: 0 	mean peak %: 0.242150496534 	 mean bgr %: 0.757849503466
[2019-03-07 11:03:17] time point: 1 	mean peak %: 0.239655790016 	 mean bgr %: 0.760344209984
[2019-03-07 11:03:17] time point: 2 	mean peak %: 0.196779959112 	 mean bgr %: 0.803220040888
[2019-03-07 11:03:17] time point: 3 	mean peak %: 0.176934128491 	 mean bgr %: 0.823065871509
[2019-03-07 11:03:17] time point: 4 	mean peak %: 0.174610870362 	 mean bgr %: 0.825389129638
[2019-03-07 11:03:17] New model parameters
[2019-03-07 11:03:17] 
Foreground:
Deltas
1.7898446233	1.5339791743	2.7934601957	2.5994236780	1.8070426439
Betas
0.7517594170	0.8170815008	0.9465805688	1.1186834015	1.4183057159
2.4672268004	2.1571459251	1.6275369860	1.2062862787	0.8168878073

Background:
Deltas
1.7898446233	1.5339791743	2.7934601957	2.5994236780	1.8070426439
Betas
0.7517594170	0.8170815008	0.9465805688	1.1186834015	1.4183057159
0.1417922517	-0.3796281356	-0.3003445689	-0.8052190872	-1.7420096863
Dynamic:S
Params:	0.0000000000, 0.0000000000	0.0000000000, 0.0000000000	0.0000000000, 0.0000000000	0.0000000000, 0.0000000000
Priors:	0.9925017604	0.7808745363	0.8533973462	0.9363617113
Dynamic:E
Params:	2.7361762871, 2.1887567506	0.5929919494, 1.5113132624	0.6386418510, 0.3995931946	3.1174998010, 1.1273831216
Priors:	0.0009345535	0.0076246680	0.0228966786	0.0208591773
Dynamic:C
Params:	1.5836584611, 1.5386693562	0.1645918318, -0.1588556894	0.1483701770, 0.0357338168	0.5542234147, 0.5633503945
Priors:	0.0065636860	0.2115007957	0.1237059752	0.0427791114
FDR for decoding:	None	None	None	None	None

[2019-03-07 11:03:17] EM delta: 0.8499809659246679
[2019-03-07 11:03:17] EM iteration: 16
[2019-03-07 11:03:17] Total training examples= 1451 batches: 4 per_batch= 363
[2019-03-07 11:03:28] Current total log likelihood: -384080.589412
[2019-03-07 11:03:28] EM Iteration: 16	Delta Log Likelihood: 1.97030050837
[2019-03-07 11:03:30] time point: 0 	mean peak %: 0.242180828786 	 mean bgr %: 0.757819171214
[2019-03-07 11:03:30] time point: 1 	mean peak %: 0.239656494676 	 mean bgr %: 0.760343505324
[2019-03-07 11:03:30] time point: 2 	mean peak %: 0.196710508705 	 mean bgr %: 0.803289491295
[2019-03-07 11:03:30] time point: 3 	mean peak %: 0.17688302691 	 mean bgr %: 0.82311697309
[2019-03-07 11:03:30] time point: 4 	mean peak %: 0.174708533308 	 mean bgr %: 0.825291466692
[2019-03-07 11:03:30] New model parameters
[2019-03-07 11:03:30] 
Foreground:
Deltas
1.7897999706	1.5340636149	2.7934837377	2.5993491533	1.8062087342
Betas
0.7513138335	0.8173109339	0.9464796916	1.1184848846	1.4181810043
2.4682486848	2.1568047289	1.6279766694	1.2069490523	0.8168559056

Background:
Deltas
1.7897999706	1.5340636149	2.7934837377	2.5993491533	1.8062087342
Betas
0.7513138335	0.8173109339	0.9464796916	1.1184848846	1.4181810043
0.1428076755	-0.3799478226	-0.2999705327	-0.8046368961	-1.7417573316
Dynamic:S
Params:	0.0000000000, 0.0000000000	0.0000000000, 0.0000000000	0.0000000000, 0.0000000000	0.0000000000, 0.0000000000
Priors:	0.9930386377	0.7802104215	0.8535622568	0.9378998697
Dynamic:E
Params:	3.3019067183, 2.2381496405	0.5971789051, 1.5126578363	0.6389635645, 0.3986420048	3.2562209717, 1.1376884205
Priors:	0.0008777368	0.0076240572	0.0229352200	0.0206562657
Dynamic:C
Params:	2.6706380387, 1.6457718969	0.1645388340, -0.1641271532	0.1493918755, 0.0383446083	0.5915325457, 0.5970198083
Priors:	0.0060836255	0.2121655213	0.1235025232	0.0414438646
FDR for decoding:	None	None	None	None	None

[2019-03-07 11:03:30] EM delta: 1.5374174957500757
[2019-03-07 11:03:30] EM iteration: 17
[2019-03-07 11:03:30] Total training examples= 1451 batches: 4 per_batch= 363
[2019-03-07 11:03:41] Current total log likelihood: -384079.060618
[2019-03-07 11:03:41] EM Iteration: 17	Delta Log Likelihood: 1.52879448183
[2019-03-07 11:03:43] time point: 0 	mean peak %: 0.242216220445 	 mean bgr %: 0.757783779555
[2019-03-07 11:03:43] time point: 1 	mean peak %: 0.239650038756 	 mean bgr %: 0.760349961244
[2019-03-07 11:03:43] time point: 2 	mean peak %: 0.196658039153 	 mean bgr %: 0.803341960847
[2019-03-07 11:03:43] time point: 3 	mean peak %: 0.176835456721 	 mean bgr %: 0.823164543279
[2019-03-07 11:03:43] time point: 4 	mean peak %: 0.174790916653 	 mean bgr %: 0.825209083347
[2019-03-07 11:03:43] New model parameters
[2019-03-07 11:03:43] 
Foreground:
Deltas
1.7897575067	1.5341351170	2.7935082628	2.5993097668	1.8055238773
Betas
0.7508478625	0.8175034313	0.9464038498	1.1183255428	1.4180977539
2.4693067948	2.1565490492	1.6283078371	1.2075009187	0.8167717604

Background:
Deltas
1.7897575067	1.5341351170	2.7935082628	2.5993097668	1.8055238773
Betas
0.7508478625	0.8175034313	0.9464038498	1.1183255428	1.4180977539
0.1438576889	-0.3801792682	-0.2996898962	-0.8041593229	-1.7416026823
Dynamic:S
Params:	0.0000000000, 0.0000000000	0.0000000000, 0.0000000000	0.0000000000, 0.0000000000	0.0000000000, 0.0000000000
Priors:	0.9933999310	0.7796327977	0.8536403734	0.9391457263
Dynamic:E
Params:	3.8243023104, 2.2773701365	0.5997362964, 1.5122951940	0.6382274293, 0.3974017659	3.3545530582, 1.1447568418
Priors:	0.0008308618	0.0076372504	0.0229674958	0.0205191001
Dynamic:C
Params:	4.4775429439, 1.7268500247	0.1643812506, -0.1692209413	0.1501569058, 0.0400610215	0.6252248077, 0.6255105483
Priors:	0.0057692072	0.2127299519	0.1233921308	0.0403351736
FDR for decoding:	None	None	None	None	None

[2019-03-07 11:03:43] EM delta: 3.557618708482935
[2019-03-07 11:03:43] EM iteration: 18
[2019-03-07 11:03:43] Total training examples= 1451 batches: 4 per_batch= 363
[2019-03-07 11:03:53] Current total log likelihood: -384078.003583
[2019-03-07 11:03:53] EM Iteration: 18	Delta Log Likelihood: 1.05703476456
[2019-03-07 11:03:55] time point: 0 	mean peak %: 0.242245559736 	 mean bgr %: 0.757754440264
[2019-03-07 11:03:55] time point: 1 	mean peak %: 0.239648621976 	 mean bgr %: 0.760351378024
[2019-03-07 11:03:55] time point: 2 	mean peak %: 0.19661731576 	 mean bgr %: 0.80338268424
[2019-03-07 11:03:56] time point: 3 	mean peak %: 0.176790792053 	 mean bgr %: 0.823209207947
[2019-03-07 11:03:56] time point: 4 	mean peak %: 0.174859957359 	 mean bgr %: 0.825140042641
[2019-03-07 11:03:56] New model parameters
[2019-03-07 11:03:56] 
Foreground:
Deltas
1.7896933625	1.5341610599	2.7935333863	2.5992868357	1.8049555058
Betas
0.7503878008	0.8176242171	0.9463450885	1.1181985558	1.4180458999
2.4703691601	2.1563956028	1.6285643214	1.2079601577	0.8166542769

Background:
Deltas
1.7896933625	1.5341610599	2.7935333863	2.5992868357	1.8049555058
Betas
0.7503878008	0.8176242171	0.9463450885	1.1181985558	1.4180458999
0.1449188473	-0.3803089776	-0.2994734316	-0.8037670809	-1.7415183311
Dynamic:S
Params:	0.0000000000, 0.0000000000	0.0000000000, 0.0000000000	0.0000000000, 0.0000000000	0.0000000000, 0.0000000000
Priors:	0.9936516693	0.7791238481	0.8536656677	0.9401641887
Dynamic:E
Params:	4.3404057853, 2.3097861889	0.6012397876, 1.5110847208	0.6370020837, 0.3962535975	3.4240278548, 1.1495894995
Priors:	0.0007921200	0.0076564941	0.0229904695	0.0204268238
Dynamic:C
Params:	7.0710038025, 1.7844291737	0.1641907439, -0.1734977087	0.1507273976, 0.0411514276	0.6554044107, 0.6496780751
Priors:	0.0055562106	0.2132196578	0.1233438627	0.0394089876
FDR for decoding:	None	None	None	None	None

[2019-03-07 11:03:56] EM delta: 7.003139547152386
[2019-03-07 11:03:56] EM iteration: 19
[2019-03-07 11:03:56] Total training examples= 1451 batches: 4 per_batch= 363
[2019-03-07 11:04:06] Current total log likelihood: -384077.381655
[2019-03-07 11:04:06] EM Iteration: 19	Delta Log Likelihood: 0.621928185225
[2019-03-07 11:04:08] time point: 0 	mean peak %: 0.24226307974 	 mean bgr %: 0.75773692026
[2019-03-07 11:04:08] time point: 1 	mean peak %: 0.239656978695 	 mean bgr %: 0.760343021305
[2019-03-07 11:04:08] time point: 2 	mean peak %: 0.196584369334 	 mean bgr %: 0.803415630666
[2019-03-07 11:04:08] time point: 3 	mean peak %: 0.176749042363 	 mean bgr %: 0.823250957637
[2019-03-07 11:04:08] time point: 4 	mean peak %: 0.174917517056 	 mean bgr %: 0.825082482944
[2019-03-07 11:04:08] New model parameters
[2019-03-07 11:04:08] 
Foreground:
Deltas
1.7896008244	1.5341378439	2.7935569776	2.5992676145	1.8044816765
Betas
0.7499900260	0.8176654509	0.9462943903	1.1180943906	1.4180147150
2.4713106431	2.1563377486	1.6287802776	1.2083510541	0.8165248027

Background:
Deltas
1.7896008244	1.5341378439	2.7935569776	2.5992676145	1.8044816765
Betas
0.7499900260	0.8176654509	0.9462943903	1.1180943906	1.4180147150
0.1458707315	-0.3803478890	-0.2992908693	-0.8034359429	-1.7414774524
Dynamic:S
Params:	0.0000000000, 0.0000000000	0.0000000000, 0.0000000000	0.0000000000, 0.0000000000	0.0000000000, 0.0000000000
Priors:	0.9938436849	0.7786781958	0.8536616895	0.9410047258
Dynamic:E
Params:	4.8772796145, 2.3374319167	0.6021016824, 1.5095119265	0.6356818338, 0.3953812341	3.4737998653, 1.1528930424
Priors:	0.0007596759	0.0076776875	0.0230040672	0.0203643567
Dynamic:C
Params:	10.1306478579, 1.8236593000	0.1640005007, -0.1765709986	0.1511451763, 0.0417964512	0.6822525648, 0.6702279425
Priors:	0.0053966392	0.2136441167	0.1233342433	0.0386309175
FDR for decoding:	None	None	None	None	None

[2019-03-07 11:04:08] EM delta: 9.65560562294518
[2019-03-07 11:04:08] EM iteration: 20
[2019-03-07 11:04:08] Total training examples= 1451 batches: 4 per_batch= 363
[2019-03-07 11:04:18] Current total log likelihood: -384077.04959
[2019-03-07 11:04:18] EM Iteration: 20	Delta Log Likelihood: 0.332064540708
[2019-03-07 11:04:20] time point: 0 	mean peak %: 0.242270197602 	 mean bgr %: 0.757729802398
[2019-03-07 11:04:20] time point: 1 	mean peak %: 0.239672496341 	 mean bgr %: 0.760327503659
[2019-03-07 11:04:21] time point: 2 	mean peak %: 0.196557005552 	 mean bgr %: 0.803442994448
[2019-03-07 11:04:21] time point: 3 	mean peak %: 0.176710710521 	 mean bgr %: 0.823289289479
[2019-03-07 11:04:21] time point: 4 	mean peak %: 0.174965596584 	 mean bgr %: 0.825034403416
[2019-03-07 11:04:21] New model parameters
[2019-03-07 11:04:21] 
Foreground:
Deltas
1.7894918653	1.5340862147	2.7935768555	2.5992487075	1.8040862460
Betas
0.7496928131	0.8176486597	0.9462471177	1.1180044161	1.4179944914
2.4720301655	2.1563458748	1.6289739741	1.2086949457	0.8164015298

Background:
Deltas
1.7894918653	1.5340862147	2.7935768555	2.5992487075	1.8040862460
Betas
0.7496928131	0.8176486597	0.9462471177	1.1180044161	1.4179944914
0.1466104007	-0.3803279366	-0.2991259767	-0.8031455220	-1.7414575562
Dynamic:S
Params:	0.0000000000, 0.0000000000	0.0000000000, 0.0000000000	0.0000000000, 0.0000000000	0.0000000000, 0.0000000000
Priors:	0.9940005460	0.7782971358	0.8536421054	0.9417043496
Dynamic:E
Params:	5.4544142004, 2.3616200864	0.6025878938, 1.5078444156	0.6345122824, 0.3948040899	3.5101291359, 1.1551689113
Priors:	0.0007319537	0.0076986799	0.0230101136	0.0203213469
Dynamic:C
Params:	13.1193778686, 1.8501256713	0.1638239197, -0.1785269768	0.1514423478, 0.0421173012	0.7060059752, 0.6877393251
Priors:	0.0052675003	0.2140041842	0.1233477809	0.0379743035
FDR for decoding:	None	None	None	None	None

[2019-03-07 11:04:21] EM delta: 9.269081578203842
[2019-03-07 11:04:21] EM iteration: 21
[2019-03-07 11:04:21] Total training examples= 1451 batches: 4 per_batch= 363
[2019-03-07 11:04:31] Current total log likelihood: -384076.869324
[2019-03-07 11:04:31] EM Iteration: 21	Delta Log Likelihood: 0.18026606628
[2019-03-07 11:04:33] time point: 0 	mean peak %: 0.242271446348 	 mean bgr %: 0.757728553652
[2019-03-07 11:04:33] time point: 1 	mean peak %: 0.239690243415 	 mean bgr %: 0.760309756585
[2019-03-07 11:04:33] time point: 2 	mean peak %: 0.196534232869 	 mean bgr %: 0.803465767131
[2019-03-07 11:04:33] time point: 3 	mean peak %: 0.176676227603 	 mean bgr %: 0.823323772397
[2019-03-07 11:04:33] time point: 4 	mean peak %: 0.175006049675 	 mean bgr %: 0.824993950325
[2019-03-07 11:04:33] New model parameters
[2019-03-07 11:04:33] 
Foreground:
Deltas
1.7893819760	1.5340275411	2.7935921676	2.5992312983	1.8037552953
Betas
0.7494946120	0.8176029309	0.9462031022	1.1179242157	1.4179794009
2.4725179424	2.1563879006	1.6291484508	1.2090024915	0.8162928790

Background:
Deltas
1.7893819760	1.5340275411	2.7935921676	2.5992312983	1.8037552953
Betas
0.7494946120	0.8176029309	0.9462031022	1.1179242157	1.4179794009
0.1471232404	-0.3802801277	-0.2989763125	-0.8028859467	-1.7414459080
Dynamic:S
Params:	0.0000000000, 0.0000000000	0.0000000000, 0.0000000000	0.0000000000, 0.0000000000	0.0000000000, 0.0000000000
Priors:	0.9941301174	0.7779800931	0.8536135393	0.9422903814
Dynamic:E
Params:	6.0883171798, 2.3832515891	0.6028602316, 1.5062231015	0.6335896760, 0.3944643990	3.5369924381, 1.1567605818
Priors:	0.0007077161	0.0077184144	0.0230109495	0.0202911863
Dynamic:C
Params:	15.6486106989, 1.8681386472	0.1636669483, -0.1797008655	0.1516466888, 0.0422032531	0.7269305857, 0.7026853677
Priors:	0.0051621665	0.2143014925	0.1233755112	0.0374184323
FDR for decoding:	None	None	None	None	None

[2019-03-07 11:04:33] EM delta: 6.801034601774413
[2019-03-07 11:04:33] EM iteration: 22
[2019-03-07 11:04:33] Total training examples= 1451 batches: 4 per_batch= 363
[2019-03-07 11:04:43] Current total log likelihood: -384076.763158
[2019-03-07 11:04:43] EM Iteration: 22	Delta Log Likelihood: 0.10616636218
[2019-03-07 11:04:45] time point: 0 	mean peak %: 0.242270659445 	 mean bgr %: 0.757729340555
[2019-03-07 11:04:46] time point: 1 	mean peak %: 0.239706652739 	 mean bgr %: 0.760293347261
[2019-03-07 11:04:46] time point: 2 	mean peak %: 0.196515515838 	 mean bgr %: 0.803484484162
[2019-03-07 11:04:46] time point: 3 	mean peak %: 0.176645692775 	 mean bgr %: 0.823354307225
[2019-03-07 11:04:46] time point: 4 	mean peak %: 0.175040345755 	 mean bgr %: 0.824959654245
[2019-03-07 11:04:46] New model parameters
[2019-03-07 11:04:46] 
Foreground:
Deltas
1.7892807978	1.5339734541	2.7936029689	2.5992166243	1.8034770231
Betas
0.7493718151	0.8175486063	0.9461632981	1.1178523817	1.4179669918
2.4728219736	2.1564429758	1.6293022925	1.2092772180	0.8161997888

Background:
Deltas
1.7892807978	1.5339734541	2.7936029689	2.5992166243	1.8034770231
Betas
0.7493718151	0.8175486063	0.9461632981	1.1178523817	1.4179669918
0.1474531738	-0.3802229474	-0.2988434421	-0.8026540915	-1.7414375552
Dynamic:S
Params:	0.0000000000, 0.0000000000	0.0000000000, 0.0000000000	0.0000000000, 0.0000000000	0.0000000000, 0.0000000000
Priors:	0.9942355124	0.7777221268	0.8535790881	0.9427834351
Dynamic:E
Params:	6.7960960364, 2.4029713123	0.6030157428, 1.5047145019	0.6329125638, 0.3942934514	3.5569797345, 1.1578938143
Priors:	0.0006860362	0.0077364715	0.0230085582	0.0202697199
Dynamic:C
Params:	17.6071134329, 1.8805744905	0.1635313350, -0.1804082596	0.1517817379, 0.0421236291	0.7452973501, 0.7154550698
Priors:	0.0050784514	0.2145414017	0.1234123538	0.0369468450
FDR for decoding:	None	None	None	None	None

[2019-03-07 11:04:46] EM delta: 4.338131897144961
[2019-03-07 11:04:46] EM iteration: 23
[2019-03-07 11:04:46] Total training examples= 1451 batches: 4 per_batch= 363
[2019-03-07 11:04:56] Current total log likelihood: -384076.695148
[2019-03-07 11:04:56] EM Iteration: 23	Delta Log Likelihood: 0.0680094651179
[2019-03-07 11:04:58] time point: 0 	mean peak %: 0.242269992362 	 mean bgr %: 0.757730007638
[2019-03-07 11:04:58] time point: 1 	mean peak %: 0.239720130892 	 mean bgr %: 0.760279869108
[2019-03-07 11:04:58] time point: 2 	mean peak %: 0.19650039447 	 mean bgr %: 0.80349960553
[2019-03-07 11:04:58] time point: 3 	mean peak %: 0.176618930419 	 mean bgr %: 0.823381069581
[2019-03-07 11:04:58] time point: 4 	mean peak %: 0.175069576184 	 mean bgr %: 0.824930423816
[2019-03-07 11:04:58] New model parameters
[2019-03-07 11:04:58] 
Foreground:
Deltas
1.7891917169	1.5339279154	2.7936096788	2.5992050203	1.8032420309
Betas
0.7492992480	0.8174953934	0.9461280062	1.1177884499	1.4179564157
2.4729992172	2.1565017098	1.6294355714	1.2095208142	0.8161204202

Background:
Deltas
1.7891917169	1.5339279154	2.7936096788	2.5992050203	1.8032420309
Betas
0.7492992480	0.8174953934	0.9461280062	1.1177884499	1.4179564157
0.1476549348	-0.3801639307	-0.2987275347	-0.8024485621	-1.7414310250
Dynamic:S
Params:	0.0000000000, 0.0000000000	0.0000000000, 0.0000000000	0.0000000000, 0.0000000000	0.0000000000, 0.0000000000
Priors:	0.9943199322	0.7775155150	0.8535405324	0.9431995937
Dynamic:E
Params:	7.5977782670, 2.4212442995	0.6031110804, 1.5033435072	0.6324388769, 0.3942343065	3.5718884233, 1.1587143947
Priors:	0.0006662454	0.0077527683	0.0230043510	0.0202542633
Dynamic:C
Params:	19.0577091517, 1.8892777544	0.1634161144, -0.1808571333	0.1518661053, 0.0419305728	0.7613682896, 0.7263722558
Priors:	0.0050138223	0.2147317167	0.1234551166	0.0365461430
FDR for decoding:	None	None	None	None	None

[2019-03-07 11:04:58] EM delta: 2.747934765437591
[2019-03-07 11:04:58] Computing FDR threshold
[2019-03-07 11:05:04] FDR threshold for decoding: [0.03783654656883883, 0.037917698190217966, 0.034413437068449446, 0.02906449354795647, 0.029847591287453748]
[2019-03-07 11:05:04] Storing output
[2019-03-07 11:05:26] Output stored in: t_cell_development.H3K4ME2/t_cell_development.H3K4ME2
[2019-03-07 11:05:26] Elapsed total time: 0:07:47.840115
